2020-08-27 10:42:18,071 - INFO - analysis start. - analysis.py - <module>
2020-08-27 10:42:42,728 - INFO - askid_num start. - analysis.py - analysis
2020-08-27 10:43:16,110 - INFO - bidid_num start. - analysis.py - analysis
2020-08-27 10:43:44,738 - INFO - askid_bidid_ratio start. - analysis.py - analysis
2020-08-27 10:44:14,000 - INFO - small_order start. - analysis.py - analysis
2020-08-27 10:44:42,339 - INFO - small_order_amount_ratio start. - analysis.py - analysis
2020-08-27 10:45:11,447 - INFO - medium_order start. - analysis.py - analysis
2020-08-27 10:45:40,000 - INFO - medium_order_amount_ratio start. - analysis.py - analysis
2020-08-27 10:46:08,166 - INFO - large_order start. - analysis.py - analysis
2020-08-27 10:46:36,748 - INFO - large_order_amount_ratio start. - analysis.py - analysis
2020-08-27 10:47:06,151 - INFO - enormous_order start. - analysis.py - analysis
2020-08-27 10:47:33,970 - INFO - enormous_order_amount_ratio start. - analysis.py - analysis
2020-08-27 10:48:04,663 - INFO - netinflows start. - analysis.py - analysis
2020-08-27 10:48:33,352 - INFO - small_netinflows start. - analysis.py - analysis
2020-08-27 10:49:02,592 - INFO - medium_netinflows start. - analysis.py - analysis
2020-08-27 10:49:33,023 - INFO - large_netinflows start. - analysis.py - analysis
2020-08-27 10:50:01,706 - INFO - enormous_netinflows start. - analysis.py - analysis
2020-08-27 10:50:29,545 - INFO - paying_concentration start. - analysis.py - analysis
2020-08-27 10:51:00,382 - INFO - daily_var start. - analysis.py - analysis
2020-08-27 10:53:59,677 - INFO - daily_up_var start. - analysis.py - analysis
2020-08-27 10:56:56,236 - INFO - daily_down_var start. - analysis.py - analysis
2020-08-27 10:59:50,375 - INFO - fivemins_var start. - analysis.py - analysis
2020-08-27 11:02:50,302 - INFO - fivemins_up_var start. - analysis.py - analysis
2020-08-27 11:05:48,353 - INFO - fivemins_down_var start. - analysis.py - analysis
2020-08-27 11:08:41,155 - INFO - daily_var_avebid start. - analysis.py - analysis
2020-08-27 11:11:43,499 - INFO - daily_var_aveoff start. - analysis.py - analysis
2020-08-27 11:14:38,731 - INFO - daily_skew start. - analysis.py - analysis
2020-08-27 11:17:41,806 - INFO - daily_kurt start. - analysis.py - analysis
2020-08-27 11:20:36,914 - INFO - bid_ask_spread start. - analysis.py - analysis
2020-08-27 11:23:29,454 - INFO - market_depth_amount start. - analysis.py - analysis
2020-08-27 11:26:33,797 - INFO - market_depth_askamount start. - analysis.py - analysis
2020-08-27 11:29:26,690 - INFO - market_depth_bidamount start. - analysis.py - analysis
2020-08-27 11:32:19,468 - INFO - bid_ask_ls start. - analysis.py - analysis
2020-08-27 11:35:28,171 - INFO - break_highpoint start. - analysis.py - analysis
2020-08-27 11:38:20,116 - INFO - fivemins_max_gains start. - analysis.py - analysis
2020-08-27 11:41:19,298 - INFO - corr_mean start. - analysis.py - analysis
2020-08-27 11:44:13,743 - INFO - corr_var start. - analysis.py - analysis
2020-08-27 11:47:10,632 - INFO - corr_skew start. - analysis.py - analysis
2020-08-27 11:50:34,349 - INFO - corr_kurt start. - analysis.py - analysis
2020-08-27 11:53:40,212 - INFO - consist_trade start. - analysis.py - analysis
2020-08-27 11:56:50,637 - INFO - price_vol_corr start. - analysis.py - analysis
2020-08-27 11:59:57,519 - INFO - trend_strength start. - analysis.py - analysis
2020-08-27 12:02:54,392 - INFO - daily_maxdrawdown start. - analysis.py - analysis
2020-08-27 12:06:08,027 - INFO - daily_meandrawdown start. - analysis.py - analysis
2020-08-27 12:08:59,162 - INFO - daily_maxgain start. - analysis.py - analysis
2020-08-27 12:11:51,642 - INFO - daily_meangain start. - analysis.py - analysis
2020-08-27 12:14:46,261 - INFO - break_lowpoint start. - analysis.py - analysis
2020-08-27 12:17:36,027 - INFO - open_call_auction start. - analysis.py - analysis
2020-08-27 12:20:30,089 - INFO - close_call_auction start. - analysis.py - analysis
2020-08-27 12:21:45,353 - INFO - close_call_auction FAILED!!!. - analysis.py - analysis
2020-08-27 12:21:45,439 - INFO - noon_call_auction start. - analysis.py - analysis
2020-08-27 12:22:59,621 - INFO - noon_call_auction FAILED!!!. - analysis.py - analysis
2020-08-27 12:22:59,703 - INFO - daily_ret_var start. - analysis.py - analysis
2020-08-27 12:26:17,476 - INFO - daily_ret_up_var start. - analysis.py - analysis
2020-08-27 12:29:09,515 - INFO - daily_ret_skew start. - analysis.py - analysis
2020-08-27 12:32:02,367 - INFO - fivemins_ret_var start. - analysis.py - analysis
2020-08-27 12:34:55,112 - INFO - daily_ret_kurt start. - analysis.py - analysis
2020-08-27 12:37:48,691 - INFO - fivemins_ret_up_var start. - analysis.py - analysis
2020-08-27 12:40:44,760 - INFO - fivemins_ret_down_var start. - analysis.py - analysis
2020-08-27 12:43:41,295 - INFO - daily_var_avebid_pct start. - analysis.py - analysis
2020-08-27 12:47:03,125 - INFO - daily_var_aveoff_pct start. - analysis.py - analysis
2020-08-27 12:49:57,290 - INFO - daily_ret_down_var start. - analysis.py - analysis
2020-08-27 12:52:51,467 - INFO - enormous_bprice_location start. - analysis.py - analysis
2020-08-27 12:53:18,824 - INFO - enormous_sprice_location start. - analysis.py - analysis
2020-08-27 12:53:46,695 - INFO - open_auction_netinflows start. - analysis.py - analysis
2020-08-27 12:54:14,537 - INFO - withdraw_ratio start. - analysis.py - analysis
2020-08-27 12:54:42,792 - INFO - vol_mean_price start. - analysis.py - analysis
2020-08-27 12:55:11,706 - INFO - price2vol_shock start. - analysis.py - analysis
2020-08-27 12:55:38,427 - INFO - price2vol_shock FAILED!!!. - analysis.py - analysis
2020-08-27 12:55:38,449 - INFO - pareto_buy start. - analysis.py - analysis
2020-08-27 12:56:06,540 - INFO - bar_skew_second start. - analysis.py - analysis
2020-08-27 12:56:35,508 - INFO - bar_volatility start. - analysis.py - analysis
2020-08-27 12:57:04,276 - INFO - max_buy_order start. - analysis.py - analysis
2020-08-27 12:57:33,450 - INFO - max_sell_order start. - analysis.py - analysis
2020-08-27 12:58:01,990 - INFO - amount_order start. - analysis.py - analysis
2020-08-27 12:58:30,936 - INFO - amount_buy_order start. - analysis.py - analysis
2020-08-27 12:58:59,931 - INFO - amount_sell_order start. - analysis.py - analysis
2020-08-27 12:59:28,910 - INFO - maxvol_price start. - analysis.py - analysis
2020-08-27 12:59:58,305 - INFO - volatility start. - analysis.py - analysis
2020-08-27 13:00:28,082 - INFO - max_gain start. - analysis.py - analysis
2020-08-27 13:00:56,715 - INFO - max_loss start. - analysis.py - analysis
2020-08-27 13:01:25,582 - INFO - break_high start. - analysis.py - analysis
2020-08-27 13:01:53,918 - INFO - break_low start. - analysis.py - analysis
2020-08-27 13:02:22,134 - INFO - normal start. - analysis.py - analysis
2020-08-27 13:02:50,193 - INFO - cross start. - analysis.py - analysis
2020-08-27 13:03:18,194 - INFO - abs_road start. - analysis.py - analysis
2020-08-27 13:03:46,952 - INFO - bar_skew start. - analysis.py - analysis
2020-08-27 13:04:16,424 - INFO - analysis end. - analysis.py - <module>
